# JRE version: Java(TM) SE Runtime Environment (17.0+35) (build 17+35-LTS-2724)
# Java VM: Java HotSpot(TM) 64-Bit Server VM (17+35-LTS-2724, mixed mode, sharing, tiered, compressed oops, compressed class ptrs, g1 gc, windows-amd64)
GC Precious Log:
 CPUs: 4 total, 4 available
 Memory: 8071M
 Large Page Support: Disabled
 NUMA Support: Disabled
 Compressed Oops: Enabled (32-bit)
 Heap Region Size: 1M
 Heap Min Capacity: 8M
 Heap Initial Capacity: 128M
 Heap Max Capacity: 2G
 Pre-touch: Disabled
 Parallel Workers: 4
 Concurrent Workers: 1
 Concurrent Refinement Workers: 4
 Periodic GC: Disabled
Heap:
 garbage-first heap   total 516096K, used 352121K [0x0000000080000000, 0x0000000100000000)
  region size 1024K, 10 young (10240K), 2 survivors (2048K)
 Metaspace       used 151796K, committed 153344K, reserved 561152K
  class space    used 19697K, committed 20416K, reserved 421888K
GC Heap History (20 events):
Event: 6514.359 GC heap before
{Heap before GC invocations=82 (full 0):
 garbage-first heap   total 516096K, used 441598K [0x0000000080000000, 0x0000000100000000)
  region size 1024K, 75 young (76800K), 10 survivors (10240K)
 Metaspace       used 149895K, committed 151424K, reserved 561152K
  class space    used 19561K, committed 20288K, reserved 421888K
}
Event: 6514.370 GC heap after
{Heap after GC invocations=83 (full 0):
 garbage-first heap   total 516096K, used 373548K [0x0000000080000000, 0x0000000100000000)
  region size 1024K, 4 young (4096K), 4 survivors (4096K)
 Metaspace       used 149895K, committed 151424K, reserved 561152K
  class space    used 19561K, committed 20288K, reserved 421888K
}
Event: 6515.123 GC heap before
{Heap before GC invocations=83 (full 0):
 garbage-first heap   total 516096K, used 444204K [0x0000000080000000, 0x0000000100000000)
  region size 1024K, 70 young (71680K), 4 survivors (4096K)
 Metaspace       used 150384K, committed 151872K, reserved 561152K
  class space    used 19598K, committed 20288K, reserved 421888K
}
Event: 6515.146 GC heap after
{Heap after GC invocations=84 (full 0):
 garbage-first heap   total 516096K, used 388096K [0x0000000080000000, 0x0000000100000000)
  region size 1024K, 9 young (9216K), 9 survivors (9216K)
 Metaspace       used 150384K, committed 151872K, reserved 561152K
  class space    used 19598K, committed 20288K, reserved 421888K
}
Event: 6515.763 GC heap before
{Heap before GC invocations=84 (full 0):
 garbage-first heap   total 516096K, used 440320K [0x0000000080000000, 0x0000000100000000)
  region size 1024K, 61 young (62464K), 9 survivors (9216K)
 Metaspace       used 150686K, committed 152256K, reserved 561152K
  class space    used 19600K, committed 20352K, reserved 421888K
}
Event: 6515.787 GC heap after
{Heap after GC invocations=85 (full 0):
 garbage-first heap   total 516096K, used 397036K [0x0000000080000000, 0x0000000100000000)
  region size 1024K, 8 young (8192K), 8 survivors (8192K)
 Metaspace       used 150686K, committed 152256K, reserved 561152K
  class space    used 19600K, committed 20352K, reserved 421888K
}
Event: 6516.471 GC heap before
{Heap before GC invocations=85 (full 0):
 garbage-first heap   total 516096K, used 442092K [0x0000000080000000, 0x0000000100000000)
  region size 1024K, 53 young (54272K), 8 survivors (8192K)
 Metaspace       used 150911K, committed 152448K, reserved 561152K
  class space    used 19603K, committed 20352K, reserved 421888K
}
Event: 6516.490 GC heap after
{Heap after GC invocations=86 (full 0):
 garbage-first heap   total 516096K, used 398947K [0x0000000080000000, 0x0000000100000000)
  region size 1024K, 2 young (2048K), 2 survivors (2048K)
 Metaspace       used 150911K, committed 152448K, reserved 561152K
  class space    used 19603K, committed 20352K, reserved 421888K
}
Event: 6517.317 GC heap before
{Heap before GC invocations=86 (full 0):
 garbage-first heap   total 516096K, used 445027K [0x0000000080000000, 0x0000000100000000)
  region size 1024K, 48 young (49152K), 2 survivors (2048K)
 Metaspace       used 151041K, committed 152576K, reserved 561152K
  class space    used 19605K, committed 20352K, reserved 421888K
}
Event: 6517.331 GC heap after
{Heap after GC invocations=87 (full 0):
 garbage-first heap   total 516096K, used 400528K [0x0000000080000000, 0x0000000100000000)
  region size 1024K, 4 young (4096K), 4 survivors (4096K)
 Metaspace       used 151041K, committed 152576K, reserved 561152K
  class space    used 19605K, committed 20352K, reserved 421888K
}
Event: 6517.778 GC heap before
{Heap before GC invocations=87 (full 0):
 garbage-first heap   total 516096K, used 449680K [0x0000000080000000, 0x0000000100000000)
  region size 1024K, 51 young (52224K), 4 survivors (4096K)
 Metaspace       used 151106K, committed 152640K, reserved 561152K
  class space    used 19609K, committed 20352K, reserved 421888K
}
Event: 6517.790 GC heap after
{Heap after GC invocations=88 (full 0):
 garbage-first heap   total 516096K, used 405803K [0x0000000080000000, 0x0000000100000000)
  region size 1024K, 7 young (7168K), 7 survivors (7168K)
 Metaspace       used 151106K, committed 152640K, reserved 561152K
  class space    used 19609K, committed 20352K, reserved 421888K
}
Event: 6518.335 GC heap before
{Heap before GC invocations=88 (full 0):
 garbage-first heap   total 516096K, used 450859K [0x0000000080000000, 0x0000000100000000)
  region size 1024K, 49 young (50176K), 7 survivors (7168K)
 Metaspace       used 151135K, committed 152640K, reserved 561152K
  class space    used 19610K, committed 20352K, reserved 421888K
}
Event: 6518.353 GC heap after
{Heap after GC invocations=89 (full 0):
 garbage-first heap   total 516096K, used 413492K [0x0000000080000000, 0x0000000100000000)
  region size 1024K, 6 young (6144K), 6 survivors (6144K)
 Metaspace       used 151135K, committed 152640K, reserved 561152K
  class space    used 19610K, committed 20352K, reserved 421888K
}
Event: 6519.155 GC heap before
{Heap before GC invocations=89 (full 0):
 garbage-first heap   total 516096K, used 448308K [0x0000000080000000, 0x0000000100000000)
  region size 1024K, 41 young (41984K), 6 survivors (6144K)
 Metaspace       used 151331K, committed 152832K, reserved 561152K
  class space    used 19629K, committed 20352K, reserved 421888K
}
Event: 6519.164 GC heap after
{Heap after GC invocations=90 (full 0):
 garbage-first heap   total 516096K, used 405901K [0x0000000080000000, 0x0000000100000000)
  region size 1024K, 2 young (2048K), 2 survivors (2048K)
 Metaspace       used 151331K, committed 152832K, reserved 561152K
  class space    used 19629K, committed 20352K, reserved 421888K
}
Event: 6519.430 GC heap before
{Heap before GC invocations=90 (full 0):
 garbage-first heap   total 516096K, used 419213K [0x0000000080000000, 0x0000000100000000)
  region size 1024K, 7 young (7168K), 2 survivors (2048K)
 Metaspace       used 151814K, committed 153344K, reserved 561152K
  class space    used 19702K, committed 20416K, reserved 421888K
}
Event: 6519.436 GC heap after
{Heap after GC invocations=91 (full 0):
 garbage-first heap   total 516096K, used 416930K [0x0000000080000000, 0x0000000100000000)
  region size 1024K, 2 young (2048K), 2 survivors (2048K)
 Metaspace       used 151814K, committed 153344K, reserved 561152K
  class space    used 19702K, committed 20416K, reserved 421888K
}
Event: 6519.446 GC heap before
{Heap before GC invocations=91 (full 0):
 garbage-first heap   total 516096K, used 427170K [0x0000000080000000, 0x0000000100000000)
  region size 1024K, 3 young (3072K), 2 survivors (2048K)
 Metaspace       used 151815K, committed 153344K, reserved 561152K
  class space    used 19702K, committed 20416K, reserved 421888K
}
Event: 6519.451 GC heap after
{Heap after GC invocations=92 (full 0):
 garbage-first heap   total 516096K, used 426873K [0x0000000080000000, 0x0000000100000000)
  region size 1024K, 2 young (2048K), 2 survivors (2048K)
 Metaspace       used 151815K, committed 153344K, reserved 561152K
  class space    used 19702K, committed 20416K, reserved 421888K
}

